This is pdfTeX, Version 3.141592653-2.6-1.40.27 (TeX Live 2025/TeX Live for SUSE Linux) (preloaded format=pdflatex 2025.9.10)  27 SEP 2025 20:58
entering extended mode
 restricted \write18 enabled.
 %&-line parsing enabled.
**informacjeDlaStudenta.tex
(./informacjeDlaStudenta.tex
LaTeX2e <2024-11-01> patch level 2
L3 programming layer <2025-01-18>
(/usr/share/texmf/tex/latex/base/article.cls
Document Class: article 2024/06/29 v1.4n Standard LaTeX document class
(/usr/share/texmf/tex/latex/base/size10.clo
File: size10.clo 2024/06/29 v1.4n Standard LaTeX file (size option)
)
\c@part=\count196
\c@section=\count197
\c@subsection=\count198
\c@subsubsection=\count199
\c@paragraph=\count266
\c@subparagraph=\count267
\c@figure=\count268
\c@table=\count269
\abovecaptionskip=\skip49
\belowcaptionskip=\skip50
\bibindent=\dimen141
)
(/usr/share/texmf/tex/latex/base/fontenc.sty
Package: fontenc 2021/04/29 v2.0v Standard LaTeX package
)
(/usr/share/texmf/tex/latex/lato/lato.sty
Package: lato 2019/06/20 Style file for Lato.

(/usr/share/texmf/tex/latex/fontaxes/fontaxes.sty
Package: fontaxes 2020/07/21 v1.0e Font selection axes
LaTeX Info: Redefining \upshape on input line 29.
LaTeX Info: Redefining \itshape on input line 31.
LaTeX Info: Redefining \slshape on input line 33.
LaTeX Info: Redefining \swshape on input line 35.
LaTeX Info: Redefining \scshape on input line 37.
LaTeX Info: Redefining \sscshape on input line 39.
LaTeX Info: Redefining \ulcshape on input line 41.
LaTeX Info: Redefining \textsw on input line 47.
LaTeX Info: Redefining \textssc on input line 48.
LaTeX Info: Redefining \textulc on input line 49.
)
(/usr/share/texmf/tex/generic/iftex/ifluatex.sty
Package: ifluatex 2019/10/25 v1.5 ifluatex legacy package. Use iftex instead.

(/usr/share/texmf/tex/generic/iftex/iftex.sty
Package: iftex 2024/12/12 v1.0g TeX engine tests
))
(/usr/share/texmf/tex/generic/iftex/ifxetex.sty
Package: ifxetex 2019/10/25 v0.7 ifxetex legacy package. Use iftex instead.
)
(/usr/share/texmf/tex/latex/xkeyval/xkeyval.sty
Package: xkeyval 2022/06/16 v2.9 package option processing (HA)

(/usr/share/texmf/tex/generic/xkeyval/xkeyval.tex
(/usr/share/texmf/tex/generic/xkeyval/xkvutils.tex
\XKV@toks=\toks17
\XKV@tempa@toks=\toks18

(/usr/share/texmf/tex/generic/xkeyval/keyval.tex))
\XKV@depth=\count270
File: xkeyval.tex 2014/12/03 v2.7a key=value parser (HA)
)))
(/usr/share/texmf/tex/latex/graphics/graphicx.sty
Package: graphicx 2021/09/16 v1.2d Enhanced LaTeX Graphics (DPC,SPQR)

(/usr/share/texmf/tex/latex/graphics/graphics.sty
Package: graphics 2024/08/06 v1.4g Standard LaTeX Graphics (DPC,SPQR)

(/usr/share/texmf/tex/latex/graphics/trig.sty
Package: trig 2023/12/02 v1.11 sin cos tan (DPC)
)
(/usr/share/texmf/tex/latex/graphics-cfg/graphics.cfg
File: graphics.cfg 2016/06/04 v1.11 sample graphics configuration
)
Package graphics Info: Driver file: pdftex.def on input line 106.

(/usr/share/texmf/tex/latex/graphics-def/pdftex.def
File: pdftex.def 2024/04/13 v1.2c Graphics/color driver for pdftex
))
\Gin@req@height=\dimen142
\Gin@req@width=\dimen143
)
(/usr/share/texmf/tex/latex/polski/polski.sty
Package: polski 2021/08/25 v1.3.6 Polish language package
)
(/usr/share/texmf/tex/latex/l3backend/l3backend-pdftex.def
File: l3backend-pdftex.def 2024-05-08 L3 backend support: PDF output (pdfTeX)
\l__color_backend_stack_int=\count271
\l__pdf_internal_box=\box52
)
(./informacjeDlaStudenta.aux)
\openout1 = `informacjeDlaStudenta.aux'.

LaTeX Font Info:    Checking defaults for OML/cmm/m/it on input line 12.
LaTeX Font Info:    ... okay on input line 12.
LaTeX Font Info:    Checking defaults for OMS/cmsy/m/n on input line 12.
LaTeX Font Info:    ... okay on input line 12.
LaTeX Font Info:    Checking defaults for OT1/cmr/m/n on input line 12.
LaTeX Font Info:    ... okay on input line 12.
LaTeX Font Info:    Checking defaults for T1/cmr/m/n on input line 12.
LaTeX Font Info:    ... okay on input line 12.
LaTeX Font Info:    Checking defaults for TS1/cmr/m/n on input line 12.
LaTeX Font Info:    ... okay on input line 12.
LaTeX Font Info:    Checking defaults for OMX/cmex/m/n on input line 12.
LaTeX Font Info:    ... okay on input line 12.
LaTeX Font Info:    Checking defaults for U/cmr/m/n on input line 12.
LaTeX Font Info:    ... okay on input line 12.
\c@mv@tabular=\count272
\c@mv@boldtabular=\count273

(/usr/share/texmf/tex/context/base/mkii/supp-pdf.mkii
[Loading MPS to PDF converter (version 2006.09.02).]
\scratchcounter=\count274
\scratchdimen=\dimen144
\scratchbox=\box53
\nofMPsegments=\count275
\nofMParguments=\count276
\everyMPshowfont=\toks19
\MPscratchCnt=\count277
\MPscratchDim=\dimen145
\MPnumerator=\count278
\makeMPintoPDFobject=\count279
\everyMPtoPDFconversion=\toks20
) (/usr/share/texmf/tex/latex/epstopdf-pkg/epstopdf-base.sty
Package: epstopdf-base 2020-01-24 v2.11 Base part for package epstopdf
Package epstopdf-base Info: Redefining graphics rule for `.eps' on input line 4
85.

(/usr/share/texmf/tex/latex/latexconfig/epstopdf-sys.cfg
File: epstopdf-sys.cfg 2010/07/13 v1.3 Configuration of (r)epstopdf for TeX Liv
e
))
LaTeX Font Info:    External font `cmex10' loaded for size
(Font)              <12> on input line 13.
LaTeX Font Info:    External font `cmex10' loaded for size
(Font)              <8> on input line 13.
LaTeX Font Info:    External font `cmex10' loaded for size
(Font)              <6> on input line 13.


LaTeX Warning: No \author given.



[1

{/var/lib/texmf/fonts/map/pdftex/updmap/pdftex.map}{/usr/share/texmf/fonts/enc/
dvips/cm-super/cm-super-t1.enc}]
<./images/declarations.png, id=9, 443.40656pt x 338.76563pt>
File: ./images/declarations.png Graphic file (type png)
<use ./images/declarations.png>
Package pdftex.def Info: ./images/declarations.png  used on input line 31.
(pdftex.def)             Requested size: 276.00105pt x 210.88025pt.
<./images/params.png, id=11, 473.51906pt x 588.69937pt>
File: ./images/params.png Graphic file (type png)
<use ./images/params.png>
Package pdftex.def Info: ./images/params.png  used on input line 37.
(pdftex.def)             Requested size: 276.00105pt x 343.14362pt.


[2 <./images/declarations.png>]

[3 <./images/params.png>]
<./images/CopyToLocal2.png, id=22, 259.7203pt x 86.57344pt>
File: ./images/CopyToLocal2.png Graphic file (type png)
<use ./images/CopyToLocal2.png>
Package pdftex.def Info: ./images/CopyToLocal2.png  used on input line 51.
(pdftex.def)             Requested size: 276.00105pt x 91.99988pt.

Overfull \hbox (6.87236pt too wide) in paragraph at lines 55--55
[]\T1/cmr/bx/n/12 Skopiowanie wy-ni-ków do za-so-bów wspóª-dzie-lo-nych oraz
 []

<./images/SaveAtTheEnd.png, id=23, 252.945pt x 91.84312pt>
File: ./images/SaveAtTheEnd.png Graphic file (type png)
<use ./images/SaveAtTheEnd.png>
Package pdftex.def Info: ./images/SaveAtTheEnd.png  used on input line 58.
(pdftex.def)             Requested size: 276.00105pt x 100.21631pt.


[4 <./images/CopyToLocal2.png> <./images/SaveAtTheEnd.png>]
<./images/RefreshAndCancel.png, id=30, 479.54156pt x 356.83313pt>
File: ./images/RefreshAndCancel.png Graphic file (type png)
<use ./images/RefreshAndCancel.png>
Package pdftex.def Info: ./images/RefreshAndCancel.png  used on input line 75.
(pdftex.def)             Requested size: 276.00105pt x 205.3789pt.
<./images/CancelAndManualRefresh.png, id=31, 405.01312pt x 232.61906pt>
File: ./images/CancelAndManualRefresh.png Graphic file (type png)
<use ./images/CancelAndManualRefresh.png>
Package pdftex.def Info: ./images/CancelAndManualRefresh.png  used on input lin
e 83.
(pdftex.def)             Requested size: 276.00105pt x 158.52316pt.


[5 <./images/RefreshAndCancel.png> <./images/CancelAndManualRefresh.png>]
Overfull \hbox (2.53238pt too wide) in paragraph at lines 108--109
\T1/cmr/m/n/10 try-bu-an-ta-mi (po po-praw-nym za-ko«-cze-niu w¡t-ku z al-go-ry
t-mem w¡-tek gªów-
 []



[6{/usr/share/texmf/fonts/enc/dvips/cm-super/cm-super-ts1.enc}]

[7] (./informacjeDlaStudenta.aux)
 ***********
LaTeX2e <2024-11-01> patch level 2
L3 programming layer <2025-01-18>
 ***********
 ) 
Here is how much of TeX's memory you used:
 2227 strings out of 474237
 35563 string characters out of 5742824
 422348 words of memory out of 5000000
 25309 multiletter control sequences out of 15000+600000
 567298 words of font info for 53 fonts, out of 8000000 for 9000
 475 hyphenation exceptions out of 8191
 57i,7n,65p,250b,281s stack positions out of 10000i,1000n,20000p,200000b,200000s
</usr/share/texmf/fonts/type1/public/cm-super/sfbx1000.pfb></usr/share/texmf/
fonts/type1/public/cm-super/sfbx1200.pfb></usr/share/texmf/fonts/type1/public/c
m-super/sfbx1440.pfb></usr/share/texmf/fonts/type1/public/cm-super/sfrm1000.pfb
></usr/share/texmf/fonts/type1/public/cm-super/sfrm1200.pfb></usr/share/texmf/f
onts/type1/public/cm-super/sfrm1728.pfb>
Output written on informacjeDlaStudenta.pdf (7 pages, 386564 bytes).
PDF statistics:
 76 PDF objects out of 1000 (max. 8388607)
 41 compressed objects within 1 object stream
 0 named destinations out of 1000 (max. 500000)
 31 words of extra memory for PDF output out of 10000 (max. 10000000)

